<?xml version="1.0" encoding="UTF-8"?>
<!-- Generated by org.testng.reporters.JUnitReportReporter -->
<testsuite hostname="AM-IN-97N5R73" failures="0" tests="1" name="restAssuredtests.Demo_GetRequest" time="3.251" errors="0" timestamp="2022-02-20T21:38:39 IST" skipped="0">
  <testcase classname="restAssuredtests.Demo_GetRequest" name="getCircuitDetails" time="3.251"/>
  <system-out/>
</testsuite> <!-- restAssuredtests.Demo_GetRequest -->
