<?xml version="1.0" encoding="UTF-8"?>
<!-- Generated by org.testng.reporters.JUnitReportReporter -->
<testsuite hostname="AM-IN-97N5R73" failures="0" tests="3" name="restAssuredtests.Demo5_BasicValidations_Json" time="2.689" errors="0" timestamp="2021-12-13T16:29:20 IST" skipped="0">
  <testcase classname="restAssuredtests.Demo5_BasicValidations_Json" name="testStatusCode" time="0.335"/>
  <system-out/>
  <testcase classname="restAssuredtests.Demo5_BasicValidations_Json" name="testSingleContent" time="2.214"/>
  <system-out/>
  <testcase classname="restAssuredtests.Demo5_BasicValidations_Json" name="testLogging" time="0.140"/>
  <system-out/>
</testsuite> <!-- restAssuredtests.Demo5_BasicValidations_Json -->
