<?xml version="1.0" encoding="UTF-8"?>
<!-- Generated by org.testng.reporters.JUnitReportReporter -->
<testsuite hostname="AM-IN-97N5R73" failures="0" tests="1" name="restAssuredtests.Demo6_BasicValidations_XML" time="2.004" errors="0" timestamp="2021-12-13T17:40:04 IST" skipped="0">
  <testcase classname="restAssuredtests.Demo6_BasicValidations_XML" name="testUsingXpath" time="2.004"/>
  <system-out/>
</testsuite> <!-- restAssuredtests.Demo6_BasicValidations_XML -->
